{"name": "test_login1", "status": "broken", "statusDetails": {"message": "selenium.common.exceptions.NoSuchElementException: Message: no such element: Unable to locate element: {\"method\":\"xpath\",\"selector\":\"//*[@id=\"pane-username\"]/div/div[1]/div/input\"}\n  (Session info: chrome=124.0.6367.91); For documentation on this error, please visit: https://www.selenium.dev/documentation/webdriver/troubleshooting/errors#no-such-element-exception\nStacktrace:\n\tGetHandleVerifier [0x00007FF7BA2A1502+60802]\n\t(No symbol) [0x00007FF7BA21AC02]\n\t(No symbol) [0x00007FF7BA0D7CE4]\n\t(No symbol) [0x00007FF7BA126D4D]\n\t(No symbol) [0x00007FF7BA126E1C]\n\t(No symbol) [0x00007FF7BA16CE37]\n\t(No symbol) [0x00007FF7BA14ABBF]\n\t(No symbol) [0x00007FF7BA16A224]\n\t(No symbol) [0x00007FF7BA14A923]\n\t(No symbol) [0x00007FF7BA118FEC]\n\t(No symbol) [0x00007FF7BA119C21]\n\tGetHandleVerifier [0x00007FF7BA5A411D+3217821]\n\tGetHandleVerifier [0x00007FF7BA5E60B7+3488055]\n\tGetHandleVerifier [0x00007FF7BA5DF03F+3459263]\n\tGetHandleVerifier [0x00007FF7BA35B846+823494]\n\t(No symbol) [0x00007FF7BA225F9F]\n\t(No symbol) [0x00007FF7BA220EC4]\n\t(No symbol) [0x00007FF7BA221052]\n\t(No symbol) [0x00007FF7BA2118A4]\n\tBaseThreadInitThunk [0x00007FFA6562257D+29]\n\tRtlUserThreadStart [0x00007FFA66EEAA48+40]", "trace": "self = <test_casalogin.TestLogin object at 0x00000251D76EDFD0>, my_fixture = <testpython.drivers.testdriver.Login object at 0x00000251DA059FD0>\n\n    def test_login1(self,my_fixture):\n        dir = my_fixture\n>       text2  =dir.login()\n\ntestpython\\testcase\\test_casalogin.py:57: \n_ _ _ _ _ _ _ _ _ _ _ _ _ _ _ _ _ _ _ _ _ _ _ _ _ _ _ _ _ _ _ _ _ _ _ _ _ _ _ _ _ _ _ _ _ _ _ _ _ _ _ _ _ _ _ _ _ _ _ _ _ _ _ _ _ _ _ _ _ _ _ _ _ _ _ _ _ _ _ _ _ _ _ _ _ _ _ _ _ _ _ _ _ _\nvenv\\Lib\\site-packages\\testpython\\drivers\\testdriver.py:54: in login\n    driver.find_element(By.XPATH, '//*[@id=\"pane-username\"]/div/div[1]/div/input').send_keys(username)\nvenv\\Lib\\site-packages\\selenium\\webdriver\\remote\\webdriver.py:741: in find_element\n    return self.execute(Command.FIND_ELEMENT, {\"using\": by, \"value\": value})[\"value\"]\nvenv\\Lib\\site-packages\\selenium\\webdriver\\remote\\webdriver.py:347: in execute\n    self.error_handler.check_response(response)\n_ _ _ _ _ _ _ _ _ _ _ _ _ _ _ _ _ _ _ _ _ _ _ _ _ _ _ _ _ _ _ _ _ _ _ _ _ _ _ _ _ _ _ _ _ _ _ _ _ _ _ _ _ _ _ _ _ _ _ _ _ _ _ _ _ _ _ _ _ _ _ _ _ _ _ _ _ _ _ _ _ _ _ _ _ _ _ _ _ _ _ _ _ _\n\nself = <selenium.webdriver.remote.errorhandler.ErrorHandler object at 0x00000251D91F6510>\nresponse = {'status': 404, 'value': '{\"value\":{\"error\":\"no such element\",\"message\":\"no such element: Unable to locate element: {\\...07FF7BA2118A4]\\\\n\\\\tBaseThreadInitThunk [0x00007FFA6562257D+29]\\\\n\\\\tRtlUserThreadStart [0x00007FFA66EEAA48+40]\\\\n\"}}'}\n\n    def check_response(self, response: Dict[str, Any]) -> None:\n        \"\"\"Checks that a JSON response from the WebDriver does not have an\n        error.\n    \n        :Args:\n         - response - The JSON response from the WebDriver server as a dictionary\n           object.\n    \n        :Raises: If the response contains an error message.\n        \"\"\"\n        status = response.get(\"status\", None)\n        if not status or status == ErrorCode.SUCCESS:\n            return\n        value = None\n        message = response.get(\"message\", \"\")\n        screen: str = response.get(\"screen\", \"\")\n        stacktrace = None\n        if isinstance(status, int):\n            value_json = response.get(\"value\", None)\n            if value_json and isinstance(value_json, str):\n                import json\n    \n                try:\n                    value = json.loads(value_json)\n                    if len(value) == 1:\n                        value = value[\"value\"]\n                    status = value.get(\"error\", None)\n                    if not status:\n                        status = value.get(\"status\", ErrorCode.UNKNOWN_ERROR)\n                        message = value.get(\"value\") or value.get(\"message\")\n                        if not isinstance(message, str):\n                            value = message\n                            message = message.get(\"message\")\n                    else:\n                        message = value.get(\"message\", None)\n                except ValueError:\n                    pass\n    \n        exception_class: Type[WebDriverException]\n        e = ErrorCode()\n        error_codes = [item for item in dir(e) if not item.startswith(\"__\")]\n        for error_code in error_codes:\n            error_info = getattr(ErrorCode, error_code)\n            if isinstance(error_info, list) and status in error_info:\n                exception_class = getattr(ExceptionMapping, error_code, WebDriverException)\n                break\n        else:\n            exception_class = WebDriverException\n    \n        if not value:\n            value = response[\"value\"]\n        if isinstance(value, str):\n            raise exception_class(value)\n        if message == \"\" and \"message\" in value:\n            message = value[\"message\"]\n    \n        screen = None  # type: ignore[assignment]\n        if \"screen\" in value:\n            screen = value[\"screen\"]\n    \n        stacktrace = None\n        st_value = value.get(\"stackTrace\") or value.get(\"stacktrace\")\n        if st_value:\n            if isinstance(st_value, str):\n                stacktrace = st_value.split(\"\\n\")\n            else:\n                stacktrace = []\n                try:\n                    for frame in st_value:\n                        line = frame.get(\"lineNumber\", \"\")\n                        file = frame.get(\"fileName\", \"<anonymous>\")\n                        if line:\n                            file = f\"{file}:{line}\"\n                        meth = frame.get(\"methodName\", \"<anonymous>\")\n                        if \"className\" in frame:\n                            meth = f\"{frame['className']}.{meth}\"\n                        msg = \"    at %s (%s)\"\n                        msg = msg % (meth, file)\n                        stacktrace.append(msg)\n                except TypeError:\n                    pass\n        if exception_class == UnexpectedAlertPresentException:\n            alert_text = None\n            if \"data\" in value:\n                alert_text = value[\"data\"].get(\"text\")\n            elif \"alert\" in value:\n                alert_text = value[\"alert\"].get(\"text\")\n            raise exception_class(message, screen, stacktrace, alert_text)  # type: ignore[call-arg]  # mypy is not smart enough here\n>       raise exception_class(message, screen, stacktrace)\nE       selenium.common.exceptions.NoSuchElementException: Message: no such element: Unable to locate element: {\"method\":\"xpath\",\"selector\":\"//*[@id=\"pane-username\"]/div/div[1]/div/input\"}\nE         (Session info: chrome=124.0.6367.91); For documentation on this error, please visit: https://www.selenium.dev/documentation/webdriver/troubleshooting/errors#no-such-element-exception\nE       Stacktrace:\nE       \tGetHandleVerifier [0x00007FF7BA2A1502+60802]\nE       \t(No symbol) [0x00007FF7BA21AC02]\nE       \t(No symbol) [0x00007FF7BA0D7CE4]\nE       \t(No symbol) [0x00007FF7BA126D4D]\nE       \t(No symbol) [0x00007FF7BA126E1C]\nE       \t(No symbol) [0x00007FF7BA16CE37]\nE       \t(No symbol) [0x00007FF7BA14ABBF]\nE       \t(No symbol) [0x00007FF7BA16A224]\nE       \t(No symbol) [0x00007FF7BA14A923]\nE       \t(No symbol) [0x00007FF7BA118FEC]\nE       \t(No symbol) [0x00007FF7BA119C21]\nE       \tGetHandleVerifier [0x00007FF7BA5A411D+3217821]\nE       \tGetHandleVerifier [0x00007FF7BA5E60B7+3488055]\nE       \tGetHandleVerifier [0x00007FF7BA5DF03F+3459263]\nE       \tGetHandleVerifier [0x00007FF7BA35B846+823494]\nE       \t(No symbol) [0x00007FF7BA225F9F]\nE       \t(No symbol) [0x00007FF7BA220EC4]\nE       \t(No symbol) [0x00007FF7BA221052]\nE       \t(No symbol) [0x00007FF7BA2118A4]\nE       \tBaseThreadInitThunk [0x00007FFA6562257D+29]\nE       \tRtlUserThreadStart [0x00007FFA66EEAA48+40]\n\nvenv\\Lib\\site-packages\\selenium\\webdriver\\remote\\errorhandler.py:229: NoSuchElementException"}, "attachments": [{"name": "log", "source": "4bf1ef98-4b70-4982-96fc-67ea3a30718b-attachment.txt", "type": "text/plain"}], "start": 1714393310716, "stop": 1714393326502, "uuid": "bbd583bd-d4a2-447d-aba2-67e30d92a0ea", "historyId": "7b6baab7697fbf4cdfdca8a3e294889e", "testCaseId": "7b6baab7697fbf4cdfdca8a3e294889e", "fullName": "testpython.testcase.test_casalogin.TestLogin#test_login1", "labels": [{"name": "parentSuite", "value": "testpython.testcase"}, {"name": "suite", "value": "test_casalogin"}, {"name": "subSuite", "value": "TestLogin"}, {"name": "host", "value": "LAPTOP-Q5VMTL8G"}, {"name": "thread", "value": "29792-MainThread"}, {"name": "framework", "value": "pytest"}, {"name": "language", "value": "cpython3"}, {"name": "package", "value": "testpython.testcase.test_casalogin"}]}